[
 ('stp'),
 ('alc', 10),
 ('rdv'),
 ('stv', 0, 9),
 ('ldr', 0, 0),
 ('ldc', 3),
 ('ldc', 3),
 ('sub'),
 ('idx', 1),
 ('ldc', 2),
 ('ldv', 0, 9),
 ('mul'),
 ('smv', 1),
 ('ldc', 4),
 ('stv', 0, 8),
 ('lbl', 1),
 ('ldr', 0, 0),
 ('ldv', 0, 8),
 ('ldc', 3),
 ('sub'),
 ('idx', 1),
 ('ldc', 5),
 ('ldv', 0, 8),
 ('add'),
 ('smv', 1),
 ('ldv', 0, 8),
 ('ldc', 1),
 ('add'),
 ('stv', 0, 8),
 ('ldv', 0, 8),
 ('ldc', 10),
 ('leq'),
 ('jof', 2),
 ('jmp', 1),
 ('lbl', 2),
 ('ldr', 0, 0),
 ('ldv', 0, 9),
 ('ldc', 3),
 ('sub'),
 ('idx', 1),
 ('grc'),
 ('prv'),
 ('dlc', 10),
 ('end'),
]
