[
 ('stp'),
 ('alc', 3),
 ('ldc', 2),
 ('stv', 0, 0),
 ('ldc', 3),
 ('stv', 0, 1),
 ('jmp', 4),
 ('lbl', 1),
 ('enf', 1),
 ('alc', 1),
 ('ldv', 1, -3),
 ('stv', 1, 0),
 ('ldv', 1, -5),
 ('jof', 2),
 ('ldv', 1, 0),
 ('ldv', 1, -4),
 ('add'),
 ('stv', 1, 0),
 ('ldv', 1, 0),
 ('stv', 1, -6),
 ('jmp', 3),
 ('lbl', 2),
 ('ldv', 1, -4),
 ('stv', 1, -6),
 ('lbl', 3),
 ('dlc', 1),
 ('ret', 1, 3),
 ('lbl', 4),
 ('rdv'),
 ('stv', 0, 2),
 ('alc', 1),
 ('ldv', 0, 2),
 ('ldv', 0, 1),
 ('ldv', 0, 0),
 ('cfu', 1),
 ('prv'),
 ('dlc', 3),
 ('end'),
]
