[
 ('stp'),
 ('alc', 19),
 ('ldc', 2),
 ('stv', 0, 1),
 ('ldc', 9),
 ('stv', 0, 2),
 ('ldv', 0, 1),
 ('stv', 0, 0),
 ('lbl', 1),
 ('ldr', 0, 3),
 ('ldv', 0, 0),
 ('ldc', 2),
 ('sub'),
 ('idx', 1),
 ('rdv'),
 ('smv', 1),
 ('ldv', 0, 0),
 ('ldc', 1),
 ('add'),
 ('stv', 0, 0),
 ('ldv', 0, 0),
 ('ldv', 0, 2),
 ('leq'),
 ('jof', 2),
 ('jmp', 1),
 ('lbl', 2),
 ('ldr', 0, 11),
 ('ldr', 0, 3),
 ('lmv', 8),
 ('smv', 8),
 ('ldr', 0, 3),
 ('ldc', 2),
 ('ldc', 6),
 ('sub'),
 ('idx', 1),
 ('ldr', 0, 11),
 ('ldc', 2),
 ('ldc', 2),
 ('sub'),
 ('idx', 1),
 ('lmv', 1),
 ('smv', 1),
 ('ldr', 0, 3),
 ('ldc', 2),
 ('ldc', 3),
 ('sub'),
 ('idx', 1),
 ('prv'),
 ('ldc', 8),
 ('prv'),
 ('dlc', 19),
 ('end'),
]
